<?xml version="1.0" encoding="UTF-8"?>
<!-- Generated by org.testng.reporters.JUnitXMLReporter -->
<testsuite hostname="NODE514" name="test2" tests="3" failures="0" timestamp="18 Oct 2016 11:29:31 GMT" time="0.049" errors="0">
  <testcase name="selenium2_test1" time="0.017" classname="com.project.selenium2.TestNGTest2"/>
  <testcase name="selenium2_test2" time="0.003" classname="com.project.selenium2.TestNGTest2"/>
  <testcase name="selenium2_test3" time="0.003" classname="com.project.selenium2.TestNGTest2"/>
</testsuite> <!-- test2 -->
